<?xml version="1.0" encoding="UTF-8" standalone="no"?>
<!DOCTYPE log SYSTEM "logger.dtd">
<log>
<record>
  <date>2021-08-10T08:27:06.839161300Z</date>
  <millis>1628584026839</millis>
  <nanos>161300</nanos>
  <sequence>0</sequence>
  <logger>topics.io_demo.log_demo.demo2.LogExample</logger>
  <level>INFO</level>
  <class>topics.io_demo.log_demo.demo2.LogExample</class>
  <method>main</method>
  <thread>1</thread>
  <message>INFO level msg</message>
</record>
<record>
  <date>2021-08-10T08:27:06.848158900Z</date>
  <millis>1628584026848</millis>
  <nanos>158900</nanos>
  <sequence>1</sequence>
  <logger>topics.io_demo.log_demo.demo2.LogExample</logger>
  <level>FINE</level>
  <class>topics.io_demo.log_demo.demo2.LogExample</class>
  <method>main</method>
  <thread>1</thread>
  <message>FINE level msg</message>
</record>
</log>
Aug 10, 2021 3:28:09 AM topics.io_demo.log_demo.demo2.LogExample main
INFO: INFO level msg
Aug 10, 2021 3:28:09 AM topics.io_demo.log_demo.demo2.LogExample main
FINE: FINE level msg
Aug 10, 2021 3:29:07 AM topics.io_demo.log_demo.demo2.LogExample main
INFO: INFO level msg
Aug 10, 2021 3:29:07 AM topics.io_demo.log_demo.demo2.LogExample main
FINE: FINE level msg
Aug 10, 2021 3:29:07 AM topics.io_demo.log_demo.demo2.LogExample main
SEVERE: SEVERE level msg
Aug 10, 2021 3:31:38 AM topics.io_demo.log_demo.demo2.LogExample main
INFO: INFO level msg
Aug 10, 2021 3:31:38 AM topics.io_demo.log_demo.demo2.LogExample main
FINE: FINE level msg
Aug 10, 2021 3:31:38 AM topics.io_demo.log_demo.demo2.LogExample main
SEVERE: SEVERE level msg
Aug 10, 2021 3:31:38 AM topics.io_demo.log_demo.demo2.LogExample main
SEVERE: Error: 
java.io.IOException: Manual throw IOException
	at topics.io_demo.log_demo.demo2.LogExample.main(LogExample.java:48)

Aug 10, 2021 3:39:06 AM topics.io_demo.log_demo.demo2.LogExample main
INFO: INFO level msg
Aug 10, 2021 3:39:06 AM topics.io_demo.log_demo.demo2.LogExample main
FINE: FINE level msg
Aug 10, 2021 3:39:06 AM topics.io_demo.log_demo.demo2.LogExample main
SEVERE: SEVERE level msg
Aug 10, 2021 3:39:06 AM topics.io_demo.log_demo.demo2.LogExample main
SEVERE: Error: 
java.io.IOException: Manual throw IOException
	at topics.io_demo.log_demo.demo2.LogExample.main(LogExample.java:44)

Aug 10, 2021 3:39:06 AM topics.io_demo.log_demo.demo2.AnotherClass testLogger
INFO: I am from AnotherClass
Aug 10, 2021 3:41:19 AM topics.io_demo.log_demo.demo2.LogExample main
INFO: info-level msg
Aug 10, 2021 3:41:19 AM topics.io_demo.log_demo.demo2.LogExample main
FINE: fine-level msg
Aug 10, 2021 3:41:19 AM topics.io_demo.log_demo.demo2.LogExample main
SEVERE: severe-level msg
Aug 10, 2021 3:41:19 AM topics.io_demo.log_demo.demo2.LogExample main
SEVERE: Error: 
java.io.IOException: Manual throw IOException
	at topics.io_demo.log_demo.demo2.LogExample.main(LogExample.java:45)

Aug 10, 2021 3:41:19 AM topics.io_demo.log_demo.demo2.AnotherClass testLogger
INFO: info-level I am from AnotherClass
Aug 10, 2021 3:42:01 AM topics.io_demo.log_demo.demo2.LogExample main
INFO: info-level msg
Aug 10, 2021 3:42:01 AM topics.io_demo.log_demo.demo2.LogExample main
FINE: fine-level msg
Aug 10, 2021 3:42:01 AM topics.io_demo.log_demo.demo2.LogExample main
SEVERE: severe-level msg
Aug 10, 2021 3:42:01 AM topics.io_demo.log_demo.demo2.AnotherClass testLogger
INFO: info-level I am from AnotherClass
Aug 10, 2021 3:42:01 AM topics.io_demo.log_demo.demo2.LogExample main
SEVERE: Error: 
java.io.IOException: Manual throw IOException
	at topics.io_demo.log_demo.demo2.LogExample.main(LogExample.java:47)

Aug 10, 2021 3:42:11 AM topics.io_demo.log_demo.demo2.LogExample main
INFO: info-level msg
Aug 10, 2021 3:42:11 AM topics.io_demo.log_demo.demo2.LogExample main
FINE: fine-level msg
Aug 10, 2021 3:42:11 AM topics.io_demo.log_demo.demo2.LogExample main
SEVERE: severe-level msg
Aug 10, 2021 3:42:11 AM topics.io_demo.log_demo.demo2.AnotherClass testLogger
INFO: info-level I am from AnotherClass
Aug 10, 2021 3:42:11 AM topics.io_demo.log_demo.demo2.LogExample main
SEVERE: Error: 
java.io.IOException: Manual throw IOException
	at topics.io_demo.log_demo.demo2.LogExample.main(LogExample.java:47)

Aug 10, 2021 3:43:03 AM topics.io_demo.log_demo.demo2.LogExample main
INFO: info-level msg
Aug 10, 2021 3:43:03 AM topics.io_demo.log_demo.demo2.LogExample main
FINE: fine-level msg
Aug 10, 2021 3:43:03 AM topics.io_demo.log_demo.demo2.LogExample main
SEVERE: severe-level msg
Aug 10, 2021 3:43:03 AM topics.io_demo.log_demo.demo2.AnotherClass testLogger
INFO: info-level I am from AnotherClass
Aug 10, 2021 3:43:03 AM topics.io_demo.log_demo.demo2.LogExample main
SEVERE: severe-level Error: 
java.io.IOException: Manual throw IOException
	at topics.io_demo.log_demo.demo2.LogExample.main(LogExample.java:47)

